<?xml version="1.0" encoding="UTF-8"?>
<!-- Generated by org.testng.reporters.JUnitReportReporter -->
<testsuite skipped="0" hostname="BrownShow" name="com.qa.Guru99Assignment.Day6Assignment" tests="1" failures="0" timestamp="03 Mar 2019 19:43:48 GMT" time="41.195" errors="0">
  <testcase name="day6TestCase" time="41.195" classname="com.qa.Guru99Assignment.Day6Assignment"/>
</testsuite> <!-- com.qa.Guru99Assignment.Day6Assignment -->
