<?xml version="1.0" encoding="UTF-8"?>
<!-- Generated by org.testng.reporters.JUnitReportReporter -->
<testsuite skipped="0" hostname="BrownShow" name="com.qa.Guru99Assignment.Day1TestNG" tests="1" failures="0" timestamp="03 Mar 2019 19:43:48 GMT" time="8.657" errors="0">
  <testcase name="day1TestCase1" time="8.657" classname="com.qa.Guru99Assignment.Day1TestNG"/>
</testsuite> <!-- com.qa.Guru99Assignment.Day1TestNG -->
