<?xml version="1.0" encoding="UTF-8"?>
<!-- Generated by org.testng.reporters.JUnitReportReporter -->
<testsuite skipped="0" hostname="BrownShow" name="com.qa.Guru99Assignment.Day2Assignment" tests="1" failures="0" timestamp="03 Mar 2019 19:43:48 GMT" time="10.059" errors="0">
  <testcase name="day2TestCase2" time="10.059" classname="com.qa.Guru99Assignment.Day2Assignment"/>
</testsuite> <!-- com.qa.Guru99Assignment.Day2Assignment -->
